<?xml version="1.0" encoding="UTF-8"?>
<testsuite xmlns:xsi="http://www.w3.org/2001/XMLSchema-instance" xsi:noNamespaceSchemaLocation="https://maven.apache.org/surefire/maven-surefire-plugin/xsd/surefire-test-report.xsd" name="trash.api.reqres.ReqresNoPojoTest" time="0.002" tests="3" errors="2" skipped="0" failures="0">
  <properties>
[...]
</properties>
  <testcase name="checkAvatarsNoPojoTest" classname="trash.api.reqres.ReqresNoPojoTest" time="0"/>
  <testcase name="successUserRegTestNoPojo" classname="trash.api.reqres.ReqresNoPojoTest" time="0">
    <error message="Cannot serialize object because no JSON serializer found in classpath. Please put Jackson (Databind), Gson, Johnzon, or Yasson in the classpath." type="java.lang.IllegalStateException">java.lang.IllegalStateException: Cannot serialize object because no JSON serializer found in classpath. Please put Jackson (Databind), Gson, Johnzon, or Yasson in the classpath.
	at trash.api.reqres.ReqresNoPojoTest.successUserRegTestNoPojo(ReqresNoPojoTest.java:54)
</error>
  </testcase>
  <testcase name="unsuccessUserRegNoPojo" classname="trash.api.reqres.ReqresNoPojoTest" time="0.001">
    <error message="Cannot serialize object because no JSON serializer found in classpath. Please put Jackson (Databind), Gson, Johnzon, or Yasson in the classpath." type="java.lang.IllegalStateException">java.lang.IllegalStateException: Cannot serialize object because no JSON serializer found in classpath. Please put Jackson (Databind), Gson, Johnzon, or Yasson in the classpath.
	at trash.api.reqres.ReqresNoPojoTest.unsuccessUserRegNoPojo(ReqresNoPojoTest.java:72)
</error>
  </testcase>
</testsuite>